[0.538s] Invoking command in '/workspace/hoverboard_node': PYTHONPATH=/workspace/hoverboard_node/build/hoverboard_node/prefix_override:/usr/lib/python3/dist-packages/colcon_core/task/python/colcon_distutils_commands:/workspace/hoverboard_node/install/hoverboard_node/lib/python3.10/site-packages:${PYTHONPATH} /usr/bin/python3 -W ignore:setup.py install is deprecated -W ignore:easy_install command is deprecated setup.py egg_info --egg-base build/hoverboard_node build --build-base /workspace/hoverboard_node/build/hoverboard_node/build install --record /workspace/hoverboard_node/build/hoverboard_node/install.log --single-version-externally-managed install_data
[0.713s] running egg_info
[0.713s] creating build/hoverboard_node/hoverboard_node.egg-info
[0.713s] writing build/hoverboard_node/hoverboard_node.egg-info/PKG-INFO
[0.713s] writing dependency_links to build/hoverboard_node/hoverboard_node.egg-info/dependency_links.txt
[0.713s] writing entry points to build/hoverboard_node/hoverboard_node.egg-info/entry_points.txt
[0.714s] writing requirements to build/hoverboard_node/hoverboard_node.egg-info/requires.txt
[0.714s] writing top-level names to build/hoverboard_node/hoverboard_node.egg-info/top_level.txt
[0.714s] writing manifest file 'build/hoverboard_node/hoverboard_node.egg-info/SOURCES.txt'
[0.715s] reading manifest file 'build/hoverboard_node/hoverboard_node.egg-info/SOURCES.txt'
[0.715s] writing manifest file 'build/hoverboard_node/hoverboard_node.egg-info/SOURCES.txt'
[0.715s] running build
[0.715s] running build_py
[0.715s] creating /workspace/hoverboard_node/build/hoverboard_node/build
[0.716s] creating /workspace/hoverboard_node/build/hoverboard_node/build/lib
[0.716s] creating /workspace/hoverboard_node/build/hoverboard_node/build/lib/hoverboard_driver
[0.716s] copying hoverboard_driver/manual_wheel_control.py -> /workspace/hoverboard_node/build/hoverboard_node/build/lib/hoverboard_driver
[0.716s] copying hoverboard_driver/hoverboard_driver.py -> /workspace/hoverboard_node/build/hoverboard_node/build/lib/hoverboard_driver
[0.716s] copying hoverboard_driver/test_rs485.py -> /workspace/hoverboard_node/build/hoverboard_node/build/lib/hoverboard_driver
[0.716s] copying hoverboard_driver/__init__.py -> /workspace/hoverboard_node/build/hoverboard_node/build/lib/hoverboard_driver
[0.716s] running install
[0.716s] running install_lib
[0.717s] creating /workspace/hoverboard_node/install/hoverboard_node/lib/python3.10/site-packages/hoverboard_driver
[0.717s] copying /workspace/hoverboard_node/build/hoverboard_node/build/lib/hoverboard_driver/manual_wheel_control.py -> /workspace/hoverboard_node/install/hoverboard_node/lib/python3.10/site-packages/hoverboard_driver
[0.717s] copying /workspace/hoverboard_node/build/hoverboard_node/build/lib/hoverboard_driver/hoverboard_driver.py -> /workspace/hoverboard_node/install/hoverboard_node/lib/python3.10/site-packages/hoverboard_driver
[0.717s] copying /workspace/hoverboard_node/build/hoverboard_node/build/lib/hoverboard_driver/test_rs485.py -> /workspace/hoverboard_node/install/hoverboard_node/lib/python3.10/site-packages/hoverboard_driver
[0.717s] copying /workspace/hoverboard_node/build/hoverboard_node/build/lib/hoverboard_driver/__init__.py -> /workspace/hoverboard_node/install/hoverboard_node/lib/python3.10/site-packages/hoverboard_driver
[0.717s] byte-compiling /workspace/hoverboard_node/install/hoverboard_node/lib/python3.10/site-packages/hoverboard_driver/manual_wheel_control.py to manual_wheel_control.cpython-310.pyc
[0.718s] byte-compiling /workspace/hoverboard_node/install/hoverboard_node/lib/python3.10/site-packages/hoverboard_driver/hoverboard_driver.py to hoverboard_driver.cpython-310.pyc
[0.720s] byte-compiling /workspace/hoverboard_node/install/hoverboard_node/lib/python3.10/site-packages/hoverboard_driver/test_rs485.py to test_rs485.cpython-310.pyc
[0.721s] byte-compiling /workspace/hoverboard_node/install/hoverboard_node/lib/python3.10/site-packages/hoverboard_driver/__init__.py to __init__.cpython-310.pyc
[0.721s] running install_data
[0.721s] creating /workspace/hoverboard_node/install/hoverboard_node/share/ament_index
[0.721s] creating /workspace/hoverboard_node/install/hoverboard_node/share/ament_index/resource_index
[0.721s] creating /workspace/hoverboard_node/install/hoverboard_node/share/ament_index/resource_index/packages
[0.721s] copying resource/hoverboard_node -> /workspace/hoverboard_node/install/hoverboard_node/share/ament_index/resource_index/packages
[0.721s] copying package.xml -> /workspace/hoverboard_node/install/hoverboard_node/share/hoverboard_node
[0.721s] creating /workspace/hoverboard_node/install/hoverboard_node/share/hoverboard_node/launch
[0.721s] copying hoverboard_node/launch/hoverboard_driver.launch.py -> /workspace/hoverboard_node/install/hoverboard_node/share/hoverboard_node/launch
[0.721s] running install_egg_info
[0.723s] Copying build/hoverboard_node/hoverboard_node.egg-info to /workspace/hoverboard_node/install/hoverboard_node/lib/python3.10/site-packages/hoverboard_node-0.0.1-py3.10.egg-info
[0.724s] running install_scripts
[0.745s] Installing hoverboard_driver script to /workspace/hoverboard_node/install/hoverboard_node/lib/hoverboard_node
[0.746s] Installing manual_wheel_control script to /workspace/hoverboard_node/install/hoverboard_node/lib/hoverboard_node
[0.746s] Installing test_rs485 script to /workspace/hoverboard_node/install/hoverboard_node/lib/hoverboard_node
[0.746s] writing list of installed files to '/workspace/hoverboard_node/build/hoverboard_node/install.log'
[0.772s] Invoked command in '/workspace/hoverboard_node' returned '0': PYTHONPATH=/workspace/hoverboard_node/build/hoverboard_node/prefix_override:/usr/lib/python3/dist-packages/colcon_core/task/python/colcon_distutils_commands:/workspace/hoverboard_node/install/hoverboard_node/lib/python3.10/site-packages:${PYTHONPATH} /usr/bin/python3 -W ignore:setup.py install is deprecated -W ignore:easy_install command is deprecated setup.py egg_info --egg-base build/hoverboard_node build --build-base /workspace/hoverboard_node/build/hoverboard_node/build install --record /workspace/hoverboard_node/build/hoverboard_node/install.log --single-version-externally-managed install_data
