/workspace/hoverboard_node/install/hoverboard_node/lib/python3.10/site-packages/hoverboard_driver/manual_wheel_control.py
/workspace/hoverboard_node/install/hoverboard_node/lib/python3.10/site-packages/hoverboard_driver/hoverboard_driver.py
/workspace/hoverboard_node/install/hoverboard_node/lib/python3.10/site-packages/hoverboard_driver/test_rs485.py
/workspace/hoverboard_node/install/hoverboard_node/lib/python3.10/site-packages/hoverboard_driver/__init__.py
/workspace/hoverboard_node/install/hoverboard_node/lib/python3.10/site-packages/hoverboard_driver/__pycache__/manual_wheel_control.cpython-310.pyc
/workspace/hoverboard_node/install/hoverboard_node/lib/python3.10/site-packages/hoverboard_driver/__pycache__/hoverboard_driver.cpython-310.pyc
/workspace/hoverboard_node/install/hoverboard_node/lib/python3.10/site-packages/hoverboard_driver/__pycache__/test_rs485.cpython-310.pyc
/workspace/hoverboard_node/install/hoverboard_node/lib/python3.10/site-packages/hoverboard_driver/__pycache__/__init__.cpython-310.pyc
/workspace/hoverboard_node/install/hoverboard_node/share/ament_index/resource_index/packages/hoverboard_node
/workspace/hoverboard_node/install/hoverboard_node/share/hoverboard_node/package.xml
/workspace/hoverboard_node/install/hoverboard_node/share/hoverboard_node/launch/hoverboard_driver.launch.py
/workspace/hoverboard_node/install/hoverboard_node/lib/python3.10/site-packages/hoverboard_node-0.0.1-py3.10.egg-info/PKG-INFO
/workspace/hoverboard_node/install/hoverboard_node/lib/python3.10/site-packages/hoverboard_node-0.0.1-py3.10.egg-info/SOURCES.txt
/workspace/hoverboard_node/install/hoverboard_node/lib/python3.10/site-packages/hoverboard_node-0.0.1-py3.10.egg-info/top_level.txt
/workspace/hoverboard_node/install/hoverboard_node/lib/python3.10/site-packages/hoverboard_node-0.0.1-py3.10.egg-info/zip-safe
/workspace/hoverboard_node/install/hoverboard_node/lib/python3.10/site-packages/hoverboard_node-0.0.1-py3.10.egg-info/dependency_links.txt
/workspace/hoverboard_node/install/hoverboard_node/lib/python3.10/site-packages/hoverboard_node-0.0.1-py3.10.egg-info/requires.txt
/workspace/hoverboard_node/install/hoverboard_node/lib/python3.10/site-packages/hoverboard_node-0.0.1-py3.10.egg-info/entry_points.txt
/workspace/hoverboard_node/install/hoverboard_node/lib/hoverboard_node/hoverboard_driver
/workspace/hoverboard_node/install/hoverboard_node/lib/hoverboard_node/manual_wheel_control
/workspace/hoverboard_node/install/hoverboard_node/lib/hoverboard_node/test_rs485
